<?xml version="1.0" encoding="UTF-8"?>
<!-- Generated by org.testng.reporters.JUnitXMLReporter -->
<testsuite ignored="0" hostname="EGCA1-0091" failures="1" tests="6" name="Check Main Operations in Calculator Desktop App" time="23.851" errors="0" timestamp="2022-09-11T00:52:16 EET">
  <testcase classname="test_cases.Operations" name="Clear" time="0.951"/>
  <testcase classname="test_cases.Operations" name="Addition" time="2.838"/>
  <testcase classname="test_cases.Operations" name="Combination" time="5.913">
    <failure type="java.lang.AssertionError" message="expected [7.875] but found [8]">
      <![CDATA[java.lang.AssertionError: expected [7.875] but found [8]
at test_cases.Operations.Combination(Operations.java:34)
at java.base/java.util.ArrayList.forEach(ArrayList.java:1541)
... Removed 33 stack frames]]>
    </failure>
  </testcase> <!-- Combination -->
  <testcase classname="test_cases.Operations" name="Division" time="5.178"/>
  <testcase classname="test_cases.Operations" name="Multiplication" time="2.72"/>
  <testcase classname="test_cases.Operations" name="Subtraction" time="2.691"/>
</testsuite> <!-- Check Main Operations in Calculator Desktop App -->
