<?xml version="1.0" encoding="UTF-8"?>
<testng-results ignored="0" total="6" passed="5" failed="1" skipped="0">
  <reporter-output>
  </reporter-output>
  <suite started-at="2022-09-11T00:51:52 EET" name="Calculator" finished-at="2022-09-11T00:52:16 EET" duration-ms="23851">
    <groups>
      <group name="smoke">
        <method signature="Operations.Addition()[pri:2, instance:test_cases.Operations@58695725]" name="Addition" class="test_cases.Operations"/>
        <method signature="Operations.Clear()[pri:1, instance:test_cases.Operations@58695725]" name="Clear" class="test_cases.Operations"/>
        <method signature="Operations.Combination()[pri:3, instance:test_cases.Operations@58695725]" name="Combination" class="test_cases.Operations"/>
        <method signature="Operations.Division()[pri:4, instance:test_cases.Operations@58695725]" name="Division" class="test_cases.Operations"/>
        <method signature="Operations.Multiplication()[pri:5, instance:test_cases.Operations@58695725]" name="Multiplication" class="test_cases.Operations"/>
        <method signature="Operations.Subtraction()[pri:6, instance:test_cases.Operations@58695725]" name="Subtraction" class="test_cases.Operations"/>
      </group> <!-- smoke -->
    </groups>
    <test started-at="2022-09-11T00:51:52 EET" name="Check Main Operations in Calculator Desktop App" finished-at="2022-09-11T00:52:16 EET" duration-ms="23851">
      <class name="test_cases.Operations">
        <test-method is-config="true" signature="setup()[pri:0, instance:test_cases.Operations@58695725]" started-at="2022-09-11T00:51:52 EET" name="setup" finished-at="2022-09-11T00:51:55 EET" duration-ms="3234" status="PASS">
          <reporter-output>
          </reporter-output>
        </test-method> <!-- setup -->
        <test-method signature="Clear()[pri:1, instance:test_cases.Operations@58695725]" started-at="2022-09-11T00:51:55 EET" name="Clear" description="Clear any data on screen" finished-at="2022-09-11T00:51:56 EET" duration-ms="951" status="PASS">
          <reporter-output>
          </reporter-output>
        </test-method> <!-- Clear -->
        <test-method signature="Addition()[pri:2, instance:test_cases.Operations@58695725]" started-at="2022-09-11T00:51:56 EET" name="Addition" description="Check Addition Operation" finished-at="2022-09-11T00:51:59 EET" duration-ms="2838" status="PASS">
          <reporter-output>
          </reporter-output>
        </test-method> <!-- Addition -->
        <test-method signature="Combination()[pri:3, instance:test_cases.Operations@58695725]" started-at="2022-09-11T00:51:59 EET" name="Combination" description="Check Combination Operation" finished-at="2022-09-11T00:52:05 EET" duration-ms="5913" status="FAIL">
          <exception class="java.lang.AssertionError">
            <message>
              <![CDATA[expected [7.875] but found [8]]]>
            </message>
            <full-stacktrace>
              <![CDATA[java.lang.AssertionError: expected [7.875] but found [8]
at org.testng.Assert.fail(Assert.java:99)
at org.testng.Assert.failNotEquals(Assert.java:1037)
at org.testng.Assert.assertEqualsImpl(Assert.java:140)
at org.testng.Assert.assertEquals(Assert.java:122)
at org.testng.Assert.assertEquals(Assert.java:629)
at org.testng.Assert.assertEquals(Assert.java:639)
at test_cases.Operations.Combination(Operations.java:34)
at java.base/jdk.internal.reflect.NativeMethodAccessorImpl.invoke0(Native Method)
at java.base/jdk.internal.reflect.NativeMethodAccessorImpl.invoke(NativeMethodAccessorImpl.java:62)
at java.base/jdk.internal.reflect.DelegatingMethodAccessorImpl.invoke(DelegatingMethodAccessorImpl.java:43)
at java.base/java.lang.reflect.Method.invoke(Method.java:566)
at org.testng.internal.MethodInvocationHelper.invokeMethod(MethodInvocationHelper.java:133)
at org.testng.internal.TestInvoker.invokeMethod(TestInvoker.java:598)
at org.testng.internal.TestInvoker.invokeTestMethod(TestInvoker.java:173)
at org.testng.internal.MethodRunner.runInSequence(MethodRunner.java:46)
at org.testng.internal.TestInvoker$MethodInvocationAgent.invoke(TestInvoker.java:824)
at org.testng.internal.TestInvoker.invokeTestMethods(TestInvoker.java:146)
at org.testng.internal.TestMethodWorker.invokeTestMethods(TestMethodWorker.java:146)
at org.testng.internal.TestMethodWorker.run(TestMethodWorker.java:128)
at java.base/java.util.ArrayList.forEach(ArrayList.java:1541)
at org.testng.TestRunner.privateRun(TestRunner.java:794)
at org.testng.TestRunner.run(TestRunner.java:596)
at org.testng.SuiteRunner.runTest(SuiteRunner.java:377)
at org.testng.SuiteRunner.runSequentially(SuiteRunner.java:371)
at org.testng.SuiteRunner.privateRun(SuiteRunner.java:332)
at org.testng.SuiteRunner.run(SuiteRunner.java:276)
at org.testng.SuiteRunnerWorker.runSuite(SuiteRunnerWorker.java:53)
at org.testng.SuiteRunnerWorker.run(SuiteRunnerWorker.java:96)
at org.testng.TestNG.runSuitesSequentially(TestNG.java:1212)
at org.testng.TestNG.runSuitesLocally(TestNG.java:1134)
at org.testng.TestNG.runSuites(TestNG.java:1063)
at org.testng.TestNG.run(TestNG.java:1031)
at org.testng.remote.AbstractRemoteTestNG.run(AbstractRemoteTestNG.java:115)
at org.testng.remote.RemoteTestNG.initAndRun(RemoteTestNG.java:251)
at org.testng.remote.RemoteTestNG.main(RemoteTestNG.java:77)
]]>
            </full-stacktrace>
          </exception> <!-- java.lang.AssertionError -->
          <reporter-output>
          </reporter-output>
        </test-method> <!-- Combination -->
        <test-method signature="Division()[pri:4, instance:test_cases.Operations@58695725]" started-at="2022-09-11T00:52:05 EET" name="Division" description="Check Division Operation" finished-at="2022-09-11T00:52:10 EET" duration-ms="5178" status="PASS">
          <reporter-output>
          </reporter-output>
        </test-method> <!-- Division -->
        <test-method signature="Multiplication()[pri:5, instance:test_cases.Operations@58695725]" started-at="2022-09-11T00:52:10 EET" name="Multiplication" description="Check Multiplication Operation" finished-at="2022-09-11T00:52:13 EET" duration-ms="2720" status="PASS">
          <reporter-output>
          </reporter-output>
        </test-method> <!-- Multiplication -->
        <test-method signature="Subtraction()[pri:6, instance:test_cases.Operations@58695725]" started-at="2022-09-11T00:52:13 EET" name="Subtraction" description="Check Subtraction Operation" finished-at="2022-09-11T00:52:16 EET" duration-ms="2691" status="PASS">
          <reporter-output>
          </reporter-output>
        </test-method> <!-- Subtraction -->
        <test-method is-config="true" signature="TearDown()[pri:0, instance:test_cases.Operations@58695725]" started-at="2022-09-11T00:52:16 EET" name="TearDown" finished-at="2022-09-11T00:52:16 EET" duration-ms="205" status="PASS">
          <reporter-output>
          </reporter-output>
        </test-method> <!-- TearDown -->
      </class> <!-- test_cases.Operations -->
    </test> <!-- Check Main Operations in Calculator Desktop App -->
  </suite> <!-- Calculator -->
</testng-results>
